Copyright 1986-2018 Xilinx, Inc. All Rights Reserved.
-----------------------------------------------------------------------------------------------------------------------------------------------
| Tool Version : Vivado v.2018.2 (lin64) Build 2258646 Thu Jun 14 20:02:38 MDT 2018
| Date         : Mon May 15 09:35:19 2023
| Host         : insa-11287 running 64-bit Ubuntu 20.04.6 LTS
| Command      : report_methodology -file AUL_methodology_drc_routed.rpt -pb AUL_methodology_drc_routed.pb -rpx AUL_methodology_drc_routed.rpx
| Design       : AUL
| Device       : xc7a35tcpg236-1
| Speed File   : -1
| Design State : Routed
-----------------------------------------------------------------------------------------------------------------------------------------------

Report Methodology

Table of Contents
-----------------
1. REPORT SUMMARY
2. REPORT DETAILS

1. REPORT SUMMARY
-----------------
            Netlist: netlist
          Floorplan: design_1
      Design limits: <entire design considered>
             Max violations: <unlimited>
             Violations found: 8
+-----------+----------+-------------------+------------+
| Rule      | Severity | Description       | Violations |
+-----------+----------+-------------------+------------+
| TIMING-20 | Warning  | Non-clocked latch | 8          |
+-----------+----------+-------------------+------------+

2. REPORT DETAILS
-----------------
TIMING-20#1 Warning
Non-clocked latch  
The latch Auxiliaire_reg[0] cannot be properly analyzed as its control pin Auxiliaire_reg[0]/G is not reached by a timing clock
Related violations: <none>

TIMING-20#2 Warning
Non-clocked latch  
The latch Auxiliaire_reg[1] cannot be properly analyzed as its control pin Auxiliaire_reg[1]/G is not reached by a timing clock
Related violations: <none>

TIMING-20#3 Warning
Non-clocked latch  
The latch Auxiliaire_reg[2] cannot be properly analyzed as its control pin Auxiliaire_reg[2]/G is not reached by a timing clock
Related violations: <none>

TIMING-20#4 Warning
Non-clocked latch  
The latch Auxiliaire_reg[3] cannot be properly analyzed as its control pin Auxiliaire_reg[3]/G is not reached by a timing clock
Related violations: <none>

TIMING-20#5 Warning
Non-clocked latch  
The latch Auxiliaire_reg[4] cannot be properly analyzed as its control pin Auxiliaire_reg[4]/G is not reached by a timing clock
Related violations: <none>

TIMING-20#6 Warning
Non-clocked latch  
The latch Auxiliaire_reg[5] cannot be properly analyzed as its control pin Auxiliaire_reg[5]/G is not reached by a timing clock
Related violations: <none>

TIMING-20#7 Warning
Non-clocked latch  
The latch Auxiliaire_reg[6] cannot be properly analyzed as its control pin Auxiliaire_reg[6]/G is not reached by a timing clock
Related violations: <none>

TIMING-20#8 Warning
Non-clocked latch  
The latch Auxiliaire_reg[7] cannot be properly analyzed as its control pin Auxiliaire_reg[7]/G is not reached by a timing clock
Related violations: <none>


