Copyright 1986-2018 Xilinx, Inc. All Rights Reserved.
------------------------------------------------------------------------------------
| Tool Version : Vivado v.2018.2 (lin64) Build 2258646 Thu Jun 14 20:02:38 MDT 2018
| Date         : Mon May 15 09:44:32 2023
| Host         : insa-11287 running 64-bit Ubuntu 20.04.6 LTS
| Command      : report_control_sets -verbose -file AUL_control_sets_placed.rpt
| Design       : AUL
| Device       : xc7a35t
------------------------------------------------------------------------------------

Control Set Information

Table of Contents
-----------------
1. Summary
2. Histogram
3. Flip-Flop Distribution
4. Detailed Control Set Information

1. Summary
----------

+----------------------------------------------------------+-------+
|                          Status                          | Count |
+----------------------------------------------------------+-------+
| Number of unique control sets                            |     2 |
| Unused register locations in slices containing registers |     0 |
+----------------------------------------------------------+-------+


2. Histogram
------------

+--------+--------------+
| Fanout | Control Sets |
+--------+--------------+
|    16+ |            2 |
+--------+--------------+


3. Flip-Flop Distribution
-------------------------

+--------------+-----------------------+------------------------+-----------------+--------------+
| Clock Enable | Synchronous Set/Reset | Asynchronous Set/Reset | Total Registers | Total Slices |
+--------------+-----------------------+------------------------+-----------------+--------------+
| No           | No                    | No                     |              32 |            6 |
| No           | No                    | Yes                    |               0 |            0 |
| No           | Yes                   | No                     |               0 |            0 |
| Yes          | No                    | No                     |               0 |            0 |
| Yes          | No                    | Yes                    |               0 |            0 |
| Yes          | Yes                   | No                     |               0 |            0 |
+--------------+-----------------------+------------------------+-----------------+--------------+


4. Detailed Control Set Information
-----------------------------------

+----------------------------+---------------+------------------+------------------+----------------+
|        Clock Signal        | Enable Signal | Set/Reset Signal | Slice Load Count | Bel Load Count |
+----------------------------+---------------+------------------+------------------+----------------+
|  var_reg[7]_i_2_n_0        |               |                  |                4 |             16 |
|  Auxiliaire_reg[7]_i_2_n_0 |               |                  |                2 |             16 |
+----------------------------+---------------+------------------+------------------+----------------+


